<?xml version="1.0" encoding="UTF-8"?>
<!-- Generated by org.testng.reporters.JUnitReportReporter -->
<testsuite hostname="DESKTOP-ESGNCE8" failures="0" tests="4" name="testNgPkg.LoginTestNgClass" time="8.469" errors="0" timestamp="2023-03-04T20:55:20 IST" skipped="2">
  <testcase classname="testNgPkg.LoginTestNgClass" name="verifyLoginPage" time="0.001">
    <skipped/>
  </testcase> <!-- verifyLoginPage -->
  <system-out/>
  <testcase classname="testNgPkg.LoginTestNgClass" name="verifyTextBoxMethod" time="0.001">
    <skipped/>
  </testcase> <!-- verifyTextBoxMethod -->
  <system-out/>
  <testcase classname="testNgPkg.LoginTestNgClass" name="verifyTextBoxMethod" time="3.101"/>
  <system-out/>
  <testcase classname="testNgPkg.LoginTestNgClass" name="verifyLoginPage" time="5.366"/>
  <system-out/>
</testsuite> <!-- testNgPkg.LoginTestNgClass -->
