<?xml version="1.0" encoding="UTF-8"?>
<!-- Generated by org.testng.reporters.JUnitReportReporter -->
<testsuite hostname="DESKTOP-ESGNCE8" failures="0" tests="6" name="testNgPkg.AutomationTestNgClass" time="0.042" errors="0" timestamp="2023-02-02T16:19:37 IST" skipped="0">
  <testcase classname="testNgPkg.AutomationTestNgClass" name="test2" time="0.008"/>
  <system-out/>
  <testcase classname="testNgPkg.AutomationTestNgClass" name="test3" time="0.002"/>
  <system-out/>
  <testcase classname="testNgPkg.AutomationTestNgClass" name="test2" time="0.010"/>
  <system-out/>
  <testcase classname="testNgPkg.AutomationTestNgClass" name="test3" time="0.010"/>
  <system-out/>
  <testcase classname="testNgPkg.AutomationTestNgClass" name="test" time="0.006"/>
  <system-out/>
  <testcase classname="testNgPkg.AutomationTestNgClass" name="test" time="0.006"/>
  <system-out/>
</testsuite> <!-- testNgPkg.AutomationTestNgClass -->
