<?xml version="1.0" encoding="UTF-8"?>
<!-- Generated by org.testng.reporters.JUnitReportReporter -->
<testsuite hostname="DESKTOP-ESGNCE8" failures="0" tests="6" name="testNgPkg.PracticeTestNgClass" time="0.041" errors="0" timestamp="2023-02-02T16:19:37 IST" skipped="0">
  <testcase classname="testNgPkg.PracticeTestNgClass" name="test3" time="0.008"/>
  <system-out/>
  <testcase classname="testNgPkg.PracticeTestNgClass" name="test3" time="0.006"/>
  <system-out/>
  <testcase classname="testNgPkg.PracticeTestNgClass" name="test2" time="0.003"/>
  <system-out/>
  <testcase classname="testNgPkg.PracticeTestNgClass" name="test" time="0.011"/>
  <system-out/>
  <testcase classname="testNgPkg.PracticeTestNgClass" name="test" time="0.009"/>
  <system-out/>
  <testcase classname="testNgPkg.PracticeTestNgClass" name="test2" time="0.004"/>
  <system-out/>
</testsuite> <!-- testNgPkg.PracticeTestNgClass -->
